Usage: ipa-server-install [options]

Options:
  --version             show program's version number and exit
  -h, --help            show this help message and exit
  -U, --unattended      unattended (un)installation never prompts the user
  --uninstall           uninstall an existing installation. The uninstall can
                        be run with --unattended option

  Basic options:
    -p DM_PASSWORD, --ds-password=DM_PASSWORD
                        Directory Manager password
    -a ADMIN_PASSWORD, --admin-password=ADMIN_PASSWORD
                        admin user kerberos password
    --ip-address=IP_ADDRESS
                        Master Server IP Address. This option can be used
                        multiple times
    -n DOMAIN_NAME, --domain=DOMAIN_NAME
                        primary DNS domain of the IPA deployment (not
                        necessarily related to the current hostname)
    -r REALM_NAME, --realm=REALM_NAME
                        Kerberos realm name of the IPA deployment (typically
                        an upper-cased name of the primary DNS domain)
    --hostname=HOST_NAME
                        fully qualified name of this host
    --ca-cert-file=FILE
                        File containing CA certificates for the service
                        certificate files
    --pki-config-override=PKI_CONFIG_OVERRIDE
                        Path to ini file with config overrides.
    --no-host-dns       Do not use DNS for hostname lookup during installation

  Server options:
    --setup-adtrust     configure AD trust capability
    --setup-kra         configure a dogtag KRA
    --setup-dns         configure bind with our zone
    --idstart=IDSTART   The starting value for the IDs range (default random)
    --idmax=IDMAX       The max value for the IDs range (default:
                        idstart+199999)
    --no-hbac-allow     Don't install allow_all HBAC rule
    --no-pkinit         disables pkinit setup steps
    --no-ui-redirect    Do not automatically redirect to the Web UI
    --dirsrv-config-file=FILE
                        The path to LDIF file that will be used to modify
                        configuration of dse.ldif during installation of the
                        directory server instance
    --skip-mem-check    Skip checking for minimum required memory

  SSL certificate options:
    --dirsrv-cert-file=FILE
                        File containing the Directory Server SSL certificate
                        and private key
    --http-cert-file=FILE
                        File containing the Apache Server SSL certificate and
                        private key
    --pkinit-cert-file=FILE
                        File containing the Kerberos KDC SSL certificate and
                        private key
    --dirsrv-pin=PIN    The password to unlock the Directory Server private
                        key
    --http-pin=PIN      The password to unlock the Apache Server private key
    --pkinit-pin=PIN    The password to unlock the Kerberos KDC private key
    --dirsrv-cert-name=NAME
                        Name of the Directory Server SSL certificate to
                        install
    --http-cert-name=NAME
                        Name of the Apache Server SSL certificate to install
    --pkinit-cert-name=NAME
                        Name of the Kerberos KDC SSL certificate to install

  HSM options:
    --token-name=NAME   The PKCS#11 token name if using an HSM to store and
                        generate private keys.
    --token-library-path=NAME
                        The full path to the PKCS#11 shared library needed
                        toaccess an HSM device.
    --token-password=NAME
                        The PKCS#11 token password for the HSM.
    --token-password-file=NAME
                        The full path to a file containing the password to the
                        PKCS#11 token password.

  Client options:
    --mkhomedir         create home directories for users on their first login
    --ntp-server=NTP_SERVER
                        ntp server to use. This option can be used multiple
                        times
    --ntp-pool=NTP_POOL
                        ntp server pool to use
    -N, --no-ntp        do not configure ntp
    --ssh-trust-dns     configure OpenSSH client to trust DNS SSHFP records
    --no-ssh            do not configure OpenSSH client
    --no-sshd           do not configure OpenSSH server
    --subid             configure SSSD as data source for subid
    --no-dns-sshfp      do not automatically create DNS SSHFP records
    --dns-over-tls      Configure DNS over TLS
    --no-dnssec-validation
                        Disable DNSSEC validation for DNS over TLS

  Certificate system options:
    --external-ca       Generate a CSR for the IPA CA certificate to be signed
                        by an external CA
    --external-ca-type={generic,ms-cs}
                        Type of the external CA
    --external-ca-profile=EXTERNAL_CA_PROFILE
                        Specify the certificate profile/template to use at the
                        external CA
    --external-cert-file=FILE
                        File containing the IPA CA certificate and the
                        external CA certificate chain
    --subject-base=SUBJECT_BASE
                        The certificate subject base (default O=<realm-name>).
                        RDNs are in LDAP order (most specific RDN first).
    --ca-subject=CA_SUBJECT
                        The CA certificate subject DN (default CN=Certificate
                        Authority,O=<realm-name>). RDNs are in LDAP order
                        (most specific RDN first).
    --ca-signing-algorithm={SHA1withRSA,SHA256withRSA,SHA384withRSA,SHA512withRSA}
                        Signing algorithm of the IPA CA certificate
    --random-serial-numbers
                        Enable random serial numbers

  DNS options:
    --allow-zone-overlap
                        Create DNS zone even if it already exists
    --reverse-zone=REVERSE_ZONE
                        The reverse DNS zone to use. This option can be used
                        multiple times
    --no-reverse        Do not create new reverse DNS zone
    --auto-reverse      Create necessary reverse zones
    --zonemgr=ZONEMGR   DNS zone manager e-mail address. Defaults to
                        hostmaster@DOMAIN
    --forwarder=FORWARDERS
                        Add a DNS forwarder. This option can be used multiple
                        times
    --no-forwarders     Do not add any DNS forwarders, use root servers
                        instead
    --auto-forwarders   Use DNS forwarders configured in /etc/resolv.conf
    --forward-policy={only,first}
                        DNS forwarding policy for global forwarders
    --dot-forwarder=DOT_FORWARDERS
                        Add a DNS over TLS forwarder. This option can be used
                        multiple times
    --dns-over-tls-cert=DNS_OVER_TLS_CERT
                        Certificate to use for DNS over TLS. If empty, a new
                        certificate will be requested from IPA CA
    --dns-over-tls-key=DNS_OVER_TLS_KEY
                        Key for certificate specified in --dns-over-tls-cert
    --dns-policy={relaxed,enforced}
                        Encrypted DNS policy

  AD trust options:
    --enable-compat     Enable support for trusted domains for old clients

  SID generation options:
    --netbios-name=NETBIOS_NAME
                        NetBIOS name of the IPA domain
    --rid-base=RID_BASE
                        Start value for mapping UIDs and GIDs to RIDs
    --secondary-rid-base=SECONDARY_RID_BASE
                        Start value of the secondary range for mapping UIDs
                        and GIDs to RIDs

  Uninstall options:
    --ignore-topology-disconnect
                        do not check whether server uninstall disconnects the
                        topology (domain level 1+)
    --ignore-last-of-role
                        do not check whether server uninstall removes last
                        CA/DNS server or DNSSec master (domain level 1+)

  Logging and output options:
    -v, --verbose       print debugging information
    -d, --debug         alias for --verbose (deprecated)
    -q, --quiet         output only errors
    --log-file=FILE     log to the given file
